<?xml version="1.0" encoding="UTF-8"?>
<!-- Generated by org.testng.reporters.JUnitXMLReporter -->
<testsuite ignored="0" hostname="Srinidhi" failures="0" tests="14" name="Default test" time="495.988" errors="0" timestamp="2023-08-22T15:52:23 IST">
  <testcase classname="api_tests.FE_Sanity_test_bulk_flow_multiple_checks_microseg" name="logindatabuck" time="3.377"/>
  <testcase classname="api_tests.FE_Sanity_test_bulk_flow_multiple_checks_microseg" name="search_validation" time="2.729"/>
  <testcase classname="api_tests.FE_Sanity_test_bulk_flow_multiple_checks_microseg" name="activate_check_null" time="3.523"/>
  <testcase classname="api_tests.FE_Sanity_test_bulk_flow_multiple_checks_microseg" name="activate_check_dup" time="3.5"/>
  <testcase classname="api_tests.FE_Sanity_test_bulk_flow_multiple_checks_microseg" name="activate_check_date" time="3.513"/>
  <testcase classname="api_tests.FE_Sanity_test_bulk_flow_multiple_checks_microseg" name="activate_check_VA" time="3.567"/>
  <testcase classname="api_tests.FE_Sanity_test_bulk_flow_multiple_checks_microseg" name="activate_check_Dis" time="3.496"/>
  <testcase classname="api_tests.FE_Sanity_test_bulk_flow_multiple_checks_microseg" name="approve_status" time="1.536"/>
  <testcase classname="api_tests.FE_Sanity_test_bulk_flow_multiple_checks_microseg" name="run_validation" time="170.539"/>
  <testcase classname="api_tests.FE_Sanity_test_bulk_flow_multiple_checks_microseg" name="get_results_null" time="278.531"/>
  <testcase classname="api_tests.FE_Sanity_test_bulk_flow_multiple_checks_microseg" name="get_results_dup" time="2.891"/>
  <testcase classname="api_tests.FE_Sanity_test_bulk_flow_multiple_checks_microseg" name="get_results_date" time="2.625"/>
  <testcase classname="api_tests.FE_Sanity_test_bulk_flow_multiple_checks_microseg" name="get_results_VA" time="7.712"/>
  <testcase classname="api_tests.FE_Sanity_test_bulk_flow_multiple_checks_microseg" name="get_results_dis" time="8.326"/>
</testsuite> <!-- Default test -->
